<?xml version="1.0" encoding="UTF-8"?>
<!-- Generated by org.testng.reporters.JUnitReportReporter -->
<testsuite skipped="0" hostname="SACHDEVATZBK15U" name="automationpractise.tests.logintests.LoginTests" tests="1" failures="0" timestamp="2022-02-19T13:29:44 EST" time="45.776" errors="0">
  <testcase name="validateLoginPositiveFlow" time="45.776" classname="automationpractise.tests.logintests.LoginTests"/>
  <system-out/>
</testsuite> <!-- automationpractise.tests.logintests.LoginTests -->
